<?xml version="1.0" encoding="UTF-8"?>
<testsuite name="com.example.circuitlens.server.ServerTest" tests="3" skipped="0" failures="0" errors="0" timestamp="2026-07-20T19:16:53.026Z" hostname="Nithish-F15" time="0.646">
  <properties/>
  <testcase name="testHistoryCircuit()" classname="com.example.circuitlens.server.ServerTest" time="0.606"/>
  <testcase name="testLoadCircuitMock()" classname="com.example.circuitlens.server.ServerTest" time="0.015"/>
  <testcase name="testEditCircuit()" classname="com.example.circuitlens.server.ServerTest" time="0.016"/>
  <system-out><![CDATA[2026-07-21 00:46:53.281 [DefaultDispatcher-worker-1 @call-context#2] INFO  ktor.test - No ktor.deployment.watch patterns specified, automatic reload is not active.
2026-07-21 00:46:53.285 [DefaultDispatcher-worker-1 @call-context#2] INFO  c.e.c.s.services.DatabaseService - Connecting to PostgreSQL at jdbc:postgresql://localhost:5432/circuitlens...
2026-07-21 00:46:53.330 [DefaultDispatcher-worker-1 @call-context#2] WARN  Exposed - Transaction attempt #0 failed: Connection to localhost:5432 refused. Check that the hostname and port are correct and that the postmaster is accepting TCP/IP connections.. Statement(s): null
org.postgresql.util.PSQLException: Connection to localhost:5432 refused. Check that the hostname and port are correct and that the postmaster is accepting TCP/IP connections.
	at org.postgresql.core.v3.ConnectionFactoryImpl.openConnectionImpl(ConnectionFactoryImpl.java:346)
	at org.postgresql.core.ConnectionFactory.openConnection(ConnectionFactory.java:54)
	at org.postgresql.jdbc.PgConnection.<init>(PgConnection.java:273)
	at org.postgresql.Driver.makeConnection(Driver.java:446)
	at org.postgresql.Driver.connect(Driver.java:298)
	at java.sql/java.sql.DriverManager.getConnection(DriverManager.java:683)
	at java.sql/java.sql.DriverManager.getConnection(DriverManager.java:230)
	at org.jetbrains.exposed.sql.Database$Companion.connect$lambda$15(Database.kt:308)
	at org.jetbrains.exposed.sql.Database$Companion.doConnect$lambda$3(Database.kt:173)
	at org.jetbrains.exposed.sql.transactions.ThreadLocalTransactionManager$ThreadLocalTransaction.connectionLazy$lambda$2(ThreadLocalTransactionManager.kt:138)
	at kotlin.UnsafeLazyImpl.getValue(Lazy.kt:100)
	at org.jetbrains.exposed.sql.transactions.ThreadLocalTransactionManager$ThreadLocalTransaction.getConnection(ThreadLocalTransactionManager.kt:173)
	at org.jetbrains.exposed.sql.Transaction.getConnection(Transaction.kt)
	at org.jetbrains.exposed.sql.vendors.VendorDialect.tableExists(VendorDialect.kt:65)
	at org.jetbrains.exposed.sql.QueriesKt.exists(Queries.kt:932)
	at org.jetbrains.exposed.sql.SchemaUtils.createStatements(SchemaUtils.kt:101)
	at org.jetbrains.exposed.sql.SchemaUtils.create(SchemaUtils.kt:488)
	at org.jetbrains.exposed.sql.SchemaUtils.create$default(SchemaUtils.kt:486)
	at com.example.circuitlens.server.services.DatabaseService.init$lambda$0(DatabaseService.kt:44)
	at org.jetbrains.exposed.sql.transactions.ThreadLocalTransactionManagerKt.inTopLevelTransaction$run(ThreadLocalTransactionManager.kt:355)
	at org.jetbrains.exposed.sql.transactions.ThreadLocalTransactionManagerKt.inTopLevelTransaction$lambda$11(ThreadLocalTransactionManager.kt:402)
	at org.jetbrains.exposed.sql.transactions.ThreadLocalTransactionManagerKt.keepAndRestoreTransactionRefAfterRun(ThreadLocalTransactionManager.kt:410)
	at org.jetbrains.exposed.sql.transactions.ThreadLocalTransactionManagerKt.inTopLevelTransaction(ThreadLocalTransactionManager.kt:401)
	at org.jetbrains.exposed.sql.transactions.ThreadLocalTransactionManagerKt.transaction$lambda$5(ThreadLocalTransactionManager.kt:310)
	at org.jetbrains.exposed.sql.transactions.ThreadLocalTransactionManagerKt.keepAndRestoreTransactionRefAfterRun(ThreadLocalTransactionManager.kt:410)
	at org.jetbrains.exposed.sql.transactions.ThreadLocalTransactionManagerKt.transaction(ThreadLocalTransactionManager.kt:259)
	at org.jetbrains.exposed.sql.transactions.ThreadLocalTransactionManagerKt.transaction(ThreadLocalTransactionManager.kt:237)
	at org.jetbrains.exposed.sql.transactions.ThreadLocalTransactionManagerKt.transaction$default(ThreadLocalTransactionManager.kt:236)
	at com.example.circuitlens.server.services.DatabaseService.init(DatabaseService.kt:43)
	at com.example.circuitlens.server.ApplicationKt.module(Application.kt:24)
	at com.example.circuitlens.server.ServerTest$testHistoryCircuit$1.invokeSuspend$lambda$0(ServerTest.kt:74)
	at io.ktor.server.engine.ApplicationEngineEnvironmentReloading$instantiateAndConfigureApplication$1.invoke(ApplicationEngineEnvironmentReloading.kt:321)
	at io.ktor.server.engine.ApplicationEngineEnvironmentReloading$instantiateAndConfigureApplication$1.invoke(ApplicationEngineEnvironmentReloading.kt:310)
	at io.ktor.server.engine.ApplicationEngineEnvironmentReloading.avoidingDoubleStartup(ApplicationEngineEnvironmentReloading.kt:338)
	at io.ktor.server.engine.ApplicationEngineEnvironmentReloading.instantiateAndConfigureApplication(ApplicationEngineEnvironmentReloading.kt:310)
	at io.ktor.server.engine.ApplicationEngineEnvironmentReloading.createApplication(ApplicationEngineEnvironmentReloading.kt:150)
	at io.ktor.server.engine.ApplicationEngineEnvironmentReloading.start(ApplicationEngineEnvironmentReloading.kt:277)
	at io.ktor.server.testing.TestApplicationEngine.start(TestApplicationEngine.kt:145)
	at io.ktor.server.engine.ApplicationEngine$DefaultImpls.start$default(ApplicationEngine.kt:78)
	at io.ktor.server.testing.client.TestHttpClientEngine.execute(TestHttpClientEngine.kt:46)
	at io.ktor.server.testing.client.DelegatingTestClientEngine.execute(DelegatingTestClientEngine.kt:53)
	at io.ktor.client.engine.HttpClientEngine$executeWithinCallContext$2.invokeSuspend(HttpClientEngine.kt:99)
	at kotlin.coroutines.jvm.internal.BaseContinuationImpl.resumeWith(ContinuationImpl.kt:33)
	at kotlinx.coroutines.DispatchedTask.run(DispatchedTask.kt:101)
	at kotlinx.coroutines.internal.LimitedDispatcher$Worker.run(LimitedDispatcher.kt:113)
	at kotlinx.coroutines.scheduling.TaskImpl.run(Tasks.kt:89)
	at kotlinx.coroutines.scheduling.CoroutineScheduler.runSafely(CoroutineScheduler.kt:589)
	at kotlinx.coroutines.scheduling.CoroutineScheduler$Worker.executeTask(CoroutineScheduler.kt:823)
	at kotlinx.coroutines.scheduling.CoroutineScheduler$Worker.runWorker(CoroutineScheduler.kt:720)
	at kotlinx.coroutines.scheduling.CoroutineScheduler$Worker.run(CoroutineScheduler.kt:707)
Caused by: java.net.ConnectException: Connection refused
	at java.base/sun.nio.ch.Net.pollConnect(Native Method)
	at java.base/sun.nio.ch.Net.pollConnectNow(Net.java:682)
	at java.base/sun.nio.ch.NioSocketImpl.timedFinishConnect(NioSocketImpl.java:542)
	at java.base/sun.nio.ch.NioSocketImpl.connect(NioSocketImpl.java:592)
	at java.base/java.net.SocksSocketImpl.connect(SocksSocketImpl.java:327)
	at java.base/java.net.Socket.connect(Socket.java:751)
	at org.postgresql.core.PGStream.createSocket(PGStream.java:243)
	at org.postgresql.core.PGStream.<init>(PGStream.java:98)
	at org.postgresql.core.v3.ConnectionFactoryImpl.tryConnect(ConnectionFactoryImpl.java:136)
	at org.postgresql.core.v3.ConnectionFactoryImpl.openConnectionImpl(ConnectionFactoryImpl.java:262)
	... 49 common frames omitted
2026-07-21 00:46:53.334 [DefaultDispatcher-worker-1 @call-context#2] WARN  Exposed - Wait 0 milliseconds before retrying
2026-07-21 00:46:53.334 [DefaultDispatcher-worker-1 @call-context#2] WARN  Exposed - Transaction attempt #1 failed: Connection to localhost:5432 refused. Check that the hostname and port are correct and that the postmaster is accepting TCP/IP connections.. Statement(s): null
org.postgresql.util.PSQLException: Connection to localhost:5432 refused. Check that the hostname and port are correct and that the postmaster is accepting TCP/IP connections.
	at org.postgresql.core.v3.ConnectionFactoryImpl.openConnectionImpl(ConnectionFactoryImpl.java:346)
	at org.postgresql.core.ConnectionFactory.openConnection(ConnectionFactory.java:54)
	at org.postgresql.jdbc.PgConnection.<init>(PgConnection.java:273)
	at org.postgresql.Driver.makeConnection(Driver.java:446)
	at org.postgresql.Driver.connect(Driver.java:298)
	at java.sql/java.sql.DriverManager.getConnection(DriverManager.java:683)
	at java.sql/java.sql.DriverManager.getConnection(DriverManager.java:230)
	at org.jetbrains.exposed.sql.Database$Companion.connect$lambda$15(Database.kt:308)
	at org.jetbrains.exposed.sql.Database$Companion.doConnect$lambda$3(Database.kt:173)
	at org.jetbrains.exposed.sql.transactions.ThreadLocalTransactionManager$ThreadLocalTransaction.connectionLazy$lambda$2(ThreadLocalTransactionManager.kt:138)
	at kotlin.UnsafeLazyImpl.getValue(Lazy.kt:100)
	at org.jetbrains.exposed.sql.transactions.ThreadLocalTransactionManager$ThreadLocalTransaction.getConnection(ThreadLocalTransactionManager.kt:173)
	at org.jetbrains.exposed.sql.Transaction.getConnection(Transaction.kt)
	at org.jetbrains.exposed.sql.vendors.VendorDialect.tableExists(VendorDialect.kt:65)
	at org.jetbrains.exposed.sql.QueriesKt.exists(Queries.kt:932)
	at org.jetbrains.exposed.sql.SchemaUtils.createStatements(SchemaUtils.kt:101)
	at org.jetbrains.exposed.sql.SchemaUtils.create(SchemaUtils.kt:488)
	at org.jetbrains.exposed.sql.SchemaUtils.create$default(SchemaUtils.kt:486)
	at com.example.circuitlens.server.services.DatabaseService.init$lambda$0(DatabaseService.kt:44)
	at org.jetbrains.exposed.sql.transactions.ThreadLocalTransactionManagerKt.inTopLevelTransaction$run(ThreadLocalTransactionManager.kt:355)
	at org.jetbrains.exposed.sql.transactions.ThreadLocalTransactionManagerKt.inTopLevelTransaction$lambda$11(ThreadLocalTransactionManager.kt:402)
	at org.jetbrains.exposed.sql.transactions.ThreadLocalTransactionManagerKt.keepAndRestoreTransactionRefAfterRun(ThreadLocalTransactionManager.kt:410)
	at org.jetbrains.exposed.sql.transactions.ThreadLocalTransactionManagerKt.inTopLevelTransaction(ThreadLocalTransactionManager.kt:401)
	at org.jetbrains.exposed.sql.transactions.ThreadLocalTransactionManagerKt.transaction$lambda$5(ThreadLocalTransactionManager.kt:310)
	at org.jetbrains.exposed.sql.transactions.ThreadLocalTransactionManagerKt.keepAndRestoreTransactionRefAfterRun(ThreadLocalTransactionManager.kt:410)
	at org.jetbrains.exposed.sql.transactions.ThreadLocalTransactionManagerKt.transaction(ThreadLocalTransactionManager.kt:259)
	at org.jetbrains.exposed.sql.transactions.ThreadLocalTransactionManagerKt.transaction(ThreadLocalTransactionManager.kt:237)
	at org.jetbrains.exposed.sql.transactions.ThreadLocalTransactionManagerKt.transaction$default(ThreadLocalTransactionManager.kt:236)
	at com.example.circuitlens.server.services.DatabaseService.init(DatabaseService.kt:43)
	at com.example.circuitlens.server.ApplicationKt.module(Application.kt:24)
	at com.example.circuitlens.server.ServerTest$testHistoryCircuit$1.invokeSuspend$lambda$0(ServerTest.kt:74)
	at io.ktor.server.engine.ApplicationEngineEnvironmentReloading$instantiateAndConfigureApplication$1.invoke(ApplicationEngineEnvironmentReloading.kt:321)
	at io.ktor.server.engine.ApplicationEngineEnvironmentReloading$instantiateAndConfigureApplication$1.invoke(ApplicationEngineEnvironmentReloading.kt:310)
	at io.ktor.server.engine.ApplicationEngineEnvironmentReloading.avoidingDoubleStartup(ApplicationEngineEnvironmentReloading.kt:338)
	at io.ktor.server.engine.ApplicationEngineEnvironmentReloading.instantiateAndConfigureApplication(ApplicationEngineEnvironmentReloading.kt:310)
	at io.ktor.server.engine.ApplicationEngineEnvironmentReloading.createApplication(ApplicationEngineEnvironmentReloading.kt:150)
	at io.ktor.server.engine.ApplicationEngineEnvironmentReloading.start(ApplicationEngineEnvironmentReloading.kt:277)
	at io.ktor.server.testing.TestApplicationEngine.start(TestApplicationEngine.kt:145)
	at io.ktor.server.engine.ApplicationEngine$DefaultImpls.start$default(ApplicationEngine.kt:78)
	at io.ktor.server.testing.client.TestHttpClientEngine.execute(TestHttpClientEngine.kt:46)
	at io.ktor.server.testing.client.DelegatingTestClientEngine.execute(DelegatingTestClientEngine.kt:53)
	at io.ktor.client.engine.HttpClientEngine$executeWithinCallContext$2.invokeSuspend(HttpClientEngine.kt:99)
	at kotlin.coroutines.jvm.internal.BaseContinuationImpl.resumeWith(ContinuationImpl.kt:33)
	at kotlinx.coroutines.DispatchedTask.run(DispatchedTask.kt:101)
	at kotlinx.coroutines.internal.LimitedDispatcher$Worker.run(LimitedDispatcher.kt:113)
	at kotlinx.coroutines.scheduling.TaskImpl.run(Tasks.kt:89)
	at kotlinx.coroutines.scheduling.CoroutineScheduler.runSafely(CoroutineScheduler.kt:589)
	at kotlinx.coroutines.scheduling.CoroutineScheduler$Worker.executeTask(CoroutineScheduler.kt:823)
	at kotlinx.coroutines.scheduling.CoroutineScheduler$Worker.runWorker(CoroutineScheduler.kt:720)
	at kotlinx.coroutines.scheduling.CoroutineScheduler$Worker.run(CoroutineScheduler.kt:707)
Caused by: java.net.ConnectException: Connection refused
	at java.base/sun.nio.ch.Net.pollConnect(Native Method)
	at java.base/sun.nio.ch.Net.pollConnectNow(Net.java:682)
	at java.base/sun.nio.ch.NioSocketImpl.timedFinishConnect(NioSocketImpl.java:542)
	at java.base/sun.nio.ch.NioSocketImpl.connect(NioSocketImpl.java:592)
	at java.base/java.net.SocksSocketImpl.connect(SocksSocketImpl.java:327)
	at java.base/java.net.Socket.connect(Socket.java:751)
	at org.postgresql.core.PGStream.createSocket(PGStream.java:243)
	at org.postgresql.core.PGStream.<init>(PGStream.java:98)
	at org.postgresql.core.v3.ConnectionFactoryImpl.tryConnect(ConnectionFactoryImpl.java:136)
	at org.postgresql.core.v3.ConnectionFactoryImpl.openConnectionImpl(ConnectionFactoryImpl.java:262)
	... 49 common frames omitted
2026-07-21 00:46:53.336 [DefaultDispatcher-worker-1 @call-context#2] WARN  Exposed - Wait 0 milliseconds before retrying
2026-07-21 00:46:53.336 [DefaultDispatcher-worker-1 @call-context#2] WARN  Exposed - Transaction attempt #2 failed: Connection to localhost:5432 refused. Check that the hostname and port are correct and that the postmaster is accepting TCP/IP connections.. Statement(s): null
org.postgresql.util.PSQLException: Connection to localhost:5432 refused. Check that the hostname and port are correct and that the postmaster is accepting TCP/IP connections.
	at org.postgresql.core.v3.ConnectionFactoryImpl.openConnectionImpl(ConnectionFactoryImpl.java:346)
	at org.postgresql.core.ConnectionFactory.openConnection(ConnectionFactory.java:54)
	at org.postgresql.jdbc.PgConnection.<init>(PgConnection.java:273)
	at org.postgresql.Driver.makeConnection(Driver.java:446)
	at org.postgresql.Driver.connect(Driver.java:298)
	at java.sql/java.sql.DriverManager.getConnection(DriverManager.java:683)
	at java.sql/java.sql.DriverManager.getConnection(DriverManager.java:230)
	at org.jetbrains.exposed.sql.Database$Companion.connect$lambda$15(Database.kt:308)
	at org.jetbrains.exposed.sql.Database$Companion.doConnect$lambda$3(Database.kt:173)
	at org.jetbrains.exposed.sql.transactions.ThreadLocalTransactionManager$ThreadLocalTransaction.connectionLazy$lambda$2(ThreadLocalTransactionManager.kt:138)
	at kotlin.UnsafeLazyImpl.getValue(Lazy.kt:100)
	at org.jetbrains.exposed.sql.transactions.ThreadLocalTransactionManager$ThreadLocalTransaction.getConnection(ThreadLocalTransactionManager.kt:173)
	at org.jetbrains.exposed.sql.Transaction.getConnection(Transaction.kt)
	at org.jetbrains.exposed.sql.vendors.VendorDialect.tableExists(VendorDialect.kt:65)
	at org.jetbrains.exposed.sql.QueriesKt.exists(Queries.kt:932)
	at org.jetbrains.exposed.sql.SchemaUtils.createStatements(SchemaUtils.kt:101)
	at org.jetbrains.exposed.sql.SchemaUtils.create(SchemaUtils.kt:488)
	at org.jetbrains.exposed.sql.SchemaUtils.create$default(SchemaUtils.kt:486)
	at com.example.circuitlens.server.services.DatabaseService.init$lambda$0(DatabaseService.kt:44)
	at org.jetbrains.exposed.sql.transactions.ThreadLocalTransactionManagerKt.inTopLevelTransaction$run(ThreadLocalTransactionManager.kt:355)
	at org.jetbrains.exposed.sql.transactions.ThreadLocalTransactionManagerKt.inTopLevelTransaction$lambda$11(ThreadLocalTransactionManager.kt:402)
	at org.jetbrains.exposed.sql.transactions.ThreadLocalTransactionManagerKt.keepAndRestoreTransactionRefAfterRun(ThreadLocalTransactionManager.kt:410)
	at org.jetbrains.exposed.sql.transactions.ThreadLocalTransactionManagerKt.inTopLevelTransaction(ThreadLocalTransactionManager.kt:401)
	at org.jetbrains.exposed.sql.transactions.ThreadLocalTransactionManagerKt.transaction$lambda$5(ThreadLocalTransactionManager.kt:310)
	at org.jetbrains.exposed.sql.transactions.ThreadLocalTransactionManagerKt.keepAndRestoreTransactionRefAfterRun(ThreadLocalTransactionManager.kt:410)
	at org.jetbrains.exposed.sql.transactions.ThreadLocalTransactionManagerKt.transaction(ThreadLocalTransactionManager.kt:259)
	at org.jetbrains.exposed.sql.transactions.ThreadLocalTransactionManagerKt.transaction(ThreadLocalTransactionManager.kt:237)
	at org.jetbrains.exposed.sql.transactions.ThreadLocalTransactionManagerKt.transaction$default(ThreadLocalTransactionManager.kt:236)
	at com.example.circuitlens.server.services.DatabaseService.init(DatabaseService.kt:43)
	at com.example.circuitlens.server.ApplicationKt.module(Application.kt:24)
	at com.example.circuitlens.server.ServerTest$testHistoryCircuit$1.invokeSuspend$lambda$0(ServerTest.kt:74)
	at io.ktor.server.engine.ApplicationEngineEnvironmentReloading$instantiateAndConfigureApplication$1.invoke(ApplicationEngineEnvironmentReloading.kt:321)
	at io.ktor.server.engine.ApplicationEngineEnvironmentReloading$instantiateAndConfigureApplication$1.invoke(ApplicationEngineEnvironmentReloading.kt:310)
	at io.ktor.server.engine.ApplicationEngineEnvironmentReloading.avoidingDoubleStartup(ApplicationEngineEnvironmentReloading.kt:338)
	at io.ktor.server.engine.ApplicationEngineEnvironmentReloading.instantiateAndConfigureApplication(ApplicationEngineEnvironmentReloading.kt:310)
	at io.ktor.server.engine.ApplicationEngineEnvironmentReloading.createApplication(ApplicationEngineEnvironmentReloading.kt:150)
	at io.ktor.server.engine.ApplicationEngineEnvironmentReloading.start(ApplicationEngineEnvironmentReloading.kt:277)
	at io.ktor.server.testing.TestApplicationEngine.start(TestApplicationEngine.kt:145)
	at io.ktor.server.engine.ApplicationEngine$DefaultImpls.start$default(ApplicationEngine.kt:78)
	at io.ktor.server.testing.client.TestHttpClientEngine.execute(TestHttpClientEngine.kt:46)
	at io.ktor.server.testing.client.DelegatingTestClientEngine.execute(DelegatingTestClientEngine.kt:53)
	at io.ktor.client.engine.HttpClientEngine$executeWithinCallContext$2.invokeSuspend(HttpClientEngine.kt:99)
	at kotlin.coroutines.jvm.internal.BaseContinuationImpl.resumeWith(ContinuationImpl.kt:33)
	at kotlinx.coroutines.DispatchedTask.run(DispatchedTask.kt:101)
	at kotlinx.coroutines.internal.LimitedDispatcher$Worker.run(LimitedDispatcher.kt:113)
	at kotlinx.coroutines.scheduling.TaskImpl.run(Tasks.kt:89)
	at kotlinx.coroutines.scheduling.CoroutineScheduler.runSafely(CoroutineScheduler.kt:589)
	at kotlinx.coroutines.scheduling.CoroutineScheduler$Worker.executeTask(CoroutineScheduler.kt:823)
	at kotlinx.coroutines.scheduling.CoroutineScheduler$Worker.runWorker(CoroutineScheduler.kt:720)
	at kotlinx.coroutines.scheduling.CoroutineScheduler$Worker.run(CoroutineScheduler.kt:707)
Caused by: java.net.ConnectException: Connection refused
	at java.base/sun.nio.ch.Net.pollConnect(Native Method)
	at java.base/sun.nio.ch.Net.pollConnectNow(Net.java:682)
	at java.base/sun.nio.ch.NioSocketImpl.timedFinishConnect(NioSocketImpl.java:542)
	at java.base/sun.nio.ch.NioSocketImpl.connect(NioSocketImpl.java:592)
	at java.base/java.net.SocksSocketImpl.connect(SocksSocketImpl.java:327)
	at java.base/java.net.Socket.connect(Socket.java:751)
	at org.postgresql.core.PGStream.createSocket(PGStream.java:243)
	at org.postgresql.core.PGStream.<init>(PGStream.java:98)
	at org.postgresql.core.v3.ConnectionFactoryImpl.tryConnect(ConnectionFactoryImpl.java:136)
	at org.postgresql.core.v3.ConnectionFactoryImpl.openConnectionImpl(ConnectionFactoryImpl.java:262)
	... 49 common frames omitted
2026-07-21 00:46:53.337 [DefaultDispatcher-worker-1 @call-context#2] WARN  c.e.c.s.services.DatabaseService - Failed to connect to PostgreSQL (jdbc:postgresql://localhost:5432/circuitlens). Falling back to in-memory H2 database. Error: Connection to localhost:5432 refused. Check that the hostname and port are correct and that the postmaster is accepting TCP/IP connections.
2026-07-21 00:46:53.438 [DefaultDispatcher-worker-1 @call-context#2] INFO  c.e.c.s.services.DatabaseService - Successfully initialized in-memory H2 database schema.
2026-07-21 00:46:53.439 [DefaultDispatcher-worker-1 @call-context#2] INFO  c.e.c.s.services.RedisCacheService - Connecting to Redis at localhost:6379...
2026-07-21 00:46:53.508 [DefaultDispatcher-worker-1 @call-context#2] WARN  c.e.c.s.services.RedisCacheService - Failed to connect to Redis (localhost:6379). Falling back to in-memory caching. Error: Failed to connect to any host resolved for DNS name.
2026-07-21 00:46:53.518 [DefaultDispatcher-worker-1 @call-context#2] INFO  ktor.test - Application started in 0.242 seconds.
2026-07-21 00:46:53.519 [DefaultDispatcher-worker-2 @coroutine#4] INFO  ktor.test - Responding at http://localhost:80
2026-07-21 00:46:53.519 [DefaultDispatcher-worker-2 @coroutine#4] INFO  ktor.test - Responding at https://localhost:443
2026-07-21 00:46:53.561 [DefaultDispatcher-worker-1 @request#2] INFO  c.e.c.s.services.SimulationService - Sending circuit payload to C++ simulation service at http://localhost:8081/simulate...
2026-07-21 00:46:53.596 [DefaultDispatcher-worker-1 @request#2] WARN  c.e.c.s.services.SimulationService - Failed to connect to C++ simulation service at http://localhost:8081/simulate: Connection refused
2026-07-21 00:46:53.596 [DefaultDispatcher-worker-1 @request#2] INFO  c.e.c.s.services.SimulationService - Generating fallback simulation results...
2026-07-21 00:46:53.617 [DefaultDispatcher-worker-3 @request#14] INFO  c.e.c.s.services.SimulationService - Sending circuit payload to C++ simulation service at http://localhost:8081/simulate...
2026-07-21 00:46:53.621 [DefaultDispatcher-worker-3 @request#14] WARN  c.e.c.s.services.SimulationService - Failed to connect to C++ simulation service at http://localhost:8081/simulate: Connection refused
2026-07-21 00:46:53.621 [DefaultDispatcher-worker-3 @request#14] INFO  c.e.c.s.services.SimulationService - Generating fallback simulation results...
2026-07-21 00:46:53.643 [DefaultDispatcher-worker-5 @call-context#24] INFO  ktor.test - No ktor.deployment.watch patterns specified, automatic reload is not active.
2026-07-21 00:46:53.643 [DefaultDispatcher-worker-5 @call-context#24] INFO  c.e.c.s.services.DatabaseService - Connecting to PostgreSQL at jdbc:postgresql://localhost:5432/circuitlens...
2026-07-21 00:46:53.644 [DefaultDispatcher-worker-5 @call-context#24] WARN  Exposed - Transaction attempt #0 failed: Connection to localhost:5432 refused. Check that the hostname and port are correct and that the postmaster is accepting TCP/IP connections.. Statement(s): null
org.postgresql.util.PSQLException: Connection to localhost:5432 refused. Check that the hostname and port are correct and that the postmaster is accepting TCP/IP connections.
	at org.postgresql.core.v3.ConnectionFactoryImpl.openConnectionImpl(ConnectionFactoryImpl.java:346)
	at org.postgresql.core.ConnectionFactory.openConnection(ConnectionFactory.java:54)
	at org.postgresql.jdbc.PgConnection.<init>(PgConnection.java:273)
	at org.postgresql.Driver.makeConnection(Driver.java:446)
	at org.postgresql.Driver.connect(Driver.java:298)
	at java.sql/java.sql.DriverManager.getConnection(DriverManager.java:683)
	at java.sql/java.sql.DriverManager.getConnection(DriverManager.java:230)
	at org.jetbrains.exposed.sql.Database$Companion.connect$lambda$15(Database.kt:308)
	at org.jetbrains.exposed.sql.Database$Companion.doConnect$lambda$3(Database.kt:173)
	at org.jetbrains.exposed.sql.transactions.ThreadLocalTransactionManager$ThreadLocalTransaction.connectionLazy$lambda$2(ThreadLocalTransactionManager.kt:138)
	at kotlin.UnsafeLazyImpl.getValue(Lazy.kt:100)
	at org.jetbrains.exposed.sql.transactions.ThreadLocalTransactionManager$ThreadLocalTransaction.getConnection(ThreadLocalTransactionManager.kt:173)
	at org.jetbrains.exposed.sql.Transaction.getConnection(Transaction.kt)
	at org.jetbrains.exposed.sql.vendors.VendorDialect.tableExists(VendorDialect.kt:65)
	at org.jetbrains.exposed.sql.QueriesKt.exists(Queries.kt:932)
	at org.jetbrains.exposed.sql.SchemaUtils.createStatements(SchemaUtils.kt:101)
	at org.jetbrains.exposed.sql.SchemaUtils.create(SchemaUtils.kt:488)
	at org.jetbrains.exposed.sql.SchemaUtils.create$default(SchemaUtils.kt:486)
	at com.example.circuitlens.server.services.DatabaseService.init$lambda$0(DatabaseService.kt:44)
	at org.jetbrains.exposed.sql.transactions.ThreadLocalTransactionManagerKt.inTopLevelTransaction$run(ThreadLocalTransactionManager.kt:355)
	at org.jetbrains.exposed.sql.transactions.ThreadLocalTransactionManagerKt.inTopLevelTransaction$lambda$11(ThreadLocalTransactionManager.kt:402)
	at org.jetbrains.exposed.sql.transactions.ThreadLocalTransactionManagerKt.keepAndRestoreTransactionRefAfterRun(ThreadLocalTransactionManager.kt:410)
	at org.jetbrains.exposed.sql.transactions.ThreadLocalTransactionManagerKt.inTopLevelTransaction(ThreadLocalTransactionManager.kt:401)
	at org.jetbrains.exposed.sql.transactions.ThreadLocalTransactionManagerKt.transaction$lambda$5(ThreadLocalTransactionManager.kt:310)
	at org.jetbrains.exposed.sql.transactions.ThreadLocalTransactionManagerKt.keepAndRestoreTransactionRefAfterRun(ThreadLocalTransactionManager.kt:410)
	at org.jetbrains.exposed.sql.transactions.ThreadLocalTransactionManagerKt.transaction(ThreadLocalTransactionManager.kt:259)
	at org.jetbrains.exposed.sql.transactions.ThreadLocalTransactionManagerKt.transaction(ThreadLocalTransactionManager.kt:237)
	at org.jetbrains.exposed.sql.transactions.ThreadLocalTransactionManagerKt.transaction$default(ThreadLocalTransactionManager.kt:236)
	at com.example.circuitlens.server.services.DatabaseService.init(DatabaseService.kt:43)
	at com.example.circuitlens.server.ApplicationKt.module(Application.kt:24)
	at com.example.circuitlens.server.ServerTest$testLoadCircuitMock$1.invokeSuspend$lambda$0(ServerTest.kt:25)
	at io.ktor.server.engine.ApplicationEngineEnvironmentReloading$instantiateAndConfigureApplication$1.invoke(ApplicationEngineEnvironmentReloading.kt:321)
	at io.ktor.server.engine.ApplicationEngineEnvironmentReloading$instantiateAndConfigureApplication$1.invoke(ApplicationEngineEnvironmentReloading.kt:310)
	at io.ktor.server.engine.ApplicationEngineEnvironmentReloading.avoidingDoubleStartup(ApplicationEngineEnvironmentReloading.kt:338)
	at io.ktor.server.engine.ApplicationEngineEnvironmentReloading.instantiateAndConfigureApplication(ApplicationEngineEnvironmentReloading.kt:310)
	at io.ktor.server.engine.ApplicationEngineEnvironmentReloading.createApplication(ApplicationEngineEnvironmentReloading.kt:150)
	at io.ktor.server.engine.ApplicationEngineEnvironmentReloading.start(ApplicationEngineEnvironmentReloading.kt:277)
	at io.ktor.server.testing.TestApplicationEngine.start(TestApplicationEngine.kt:145)
	at io.ktor.server.engine.ApplicationEngine$DefaultImpls.start$default(ApplicationEngine.kt:78)
	at io.ktor.server.testing.client.TestHttpClientEngine.execute(TestHttpClientEngine.kt:46)
	at io.ktor.server.testing.client.DelegatingTestClientEngine.execute(DelegatingTestClientEngine.kt:53)
	at io.ktor.client.engine.HttpClientEngine$executeWithinCallContext$2.invokeSuspend(HttpClientEngine.kt:99)
	at kotlin.coroutines.jvm.internal.BaseContinuationImpl.resumeWith(ContinuationImpl.kt:33)
	at kotlinx.coroutines.DispatchedTask.run(DispatchedTask.kt:101)
	at kotlinx.coroutines.internal.LimitedDispatcher$Worker.run(LimitedDispatcher.kt:113)
	at kotlinx.coroutines.scheduling.TaskImpl.run(Tasks.kt:89)
	at kotlinx.coroutines.scheduling.CoroutineScheduler.runSafely(CoroutineScheduler.kt:589)
	at kotlinx.coroutines.scheduling.CoroutineScheduler$Worker.executeTask(CoroutineScheduler.kt:823)
	at kotlinx.coroutines.scheduling.CoroutineScheduler$Worker.runWorker(CoroutineScheduler.kt:720)
	at kotlinx.coroutines.scheduling.CoroutineScheduler$Worker.run(CoroutineScheduler.kt:707)
Caused by: java.net.ConnectException: Connection refused
	at java.base/sun.nio.ch.Net.pollConnect(Native Method)
	at java.base/sun.nio.ch.Net.pollConnectNow(Net.java:682)
	at java.base/sun.nio.ch.NioSocketImpl.timedFinishConnect(NioSocketImpl.java:542)
	at java.base/sun.nio.ch.NioSocketImpl.connect(NioSocketImpl.java:592)
	at java.base/java.net.SocksSocketImpl.connect(SocksSocketImpl.java:327)
	at java.base/java.net.Socket.connect(Socket.java:751)
	at org.postgresql.core.PGStream.createSocket(PGStream.java:243)
	at org.postgresql.core.PGStream.<init>(PGStream.java:98)
	at org.postgresql.core.v3.ConnectionFactoryImpl.tryConnect(ConnectionFactoryImpl.java:136)
	at org.postgresql.core.v3.ConnectionFactoryImpl.openConnectionImpl(ConnectionFactoryImpl.java:262)
	... 49 common frames omitted
2026-07-21 00:46:53.644 [DefaultDispatcher-worker-5 @call-context#24] WARN  Exposed - Wait 0 milliseconds before retrying
2026-07-21 00:46:53.645 [DefaultDispatcher-worker-5 @call-context#24] WARN  Exposed - Transaction attempt #1 failed: Connection to localhost:5432 refused. Check that the hostname and port are correct and that the postmaster is accepting TCP/IP connections.. Statement(s): null
org.postgresql.util.PSQLException: Connection to localhost:5432 refused. Check that the hostname and port are correct and that the postmaster is accepting TCP/IP connections.
	at org.postgresql.core.v3.ConnectionFactoryImpl.openConnectionImpl(ConnectionFactoryImpl.java:346)
	at org.postgresql.core.ConnectionFactory.openConnection(ConnectionFactory.java:54)
	at org.postgresql.jdbc.PgConnection.<init>(PgConnection.java:273)
	at org.postgresql.Driver.makeConnection(Driver.java:446)
	at org.postgresql.Driver.connect(Driver.java:298)
	at java.sql/java.sql.DriverManager.getConnection(DriverManager.java:683)
	at java.sql/java.sql.DriverManager.getConnection(DriverManager.java:230)
	at org.jetbrains.exposed.sql.Database$Companion.connect$lambda$15(Database.kt:308)
	at org.jetbrains.exposed.sql.Database$Companion.doConnect$lambda$3(Database.kt:173)
	at org.jetbrains.exposed.sql.transactions.ThreadLocalTransactionManager$ThreadLocalTransaction.connectionLazy$lambda$2(ThreadLocalTransactionManager.kt:138)
	at kotlin.UnsafeLazyImpl.getValue(Lazy.kt:100)
	at org.jetbrains.exposed.sql.transactions.ThreadLocalTransactionManager$ThreadLocalTransaction.getConnection(ThreadLocalTransactionManager.kt:173)
	at org.jetbrains.exposed.sql.Transaction.getConnection(Transaction.kt)
	at org.jetbrains.exposed.sql.vendors.VendorDialect.tableExists(VendorDialect.kt:65)
	at org.jetbrains.exposed.sql.QueriesKt.exists(Queries.kt:932)
	at org.jetbrains.exposed.sql.SchemaUtils.createStatements(SchemaUtils.kt:101)
	at org.jetbrains.exposed.sql.SchemaUtils.create(SchemaUtils.kt:488)
	at org.jetbrains.exposed.sql.SchemaUtils.create$default(SchemaUtils.kt:486)
	at com.example.circuitlens.server.services.DatabaseService.init$lambda$0(DatabaseService.kt:44)
	at org.jetbrains.exposed.sql.transactions.ThreadLocalTransactionManagerKt.inTopLevelTransaction$run(ThreadLocalTransactionManager.kt:355)
	at org.jetbrains.exposed.sql.transactions.ThreadLocalTransactionManagerKt.inTopLevelTransaction$lambda$11(ThreadLocalTransactionManager.kt:402)
	at org.jetbrains.exposed.sql.transactions.ThreadLocalTransactionManagerKt.keepAndRestoreTransactionRefAfterRun(ThreadLocalTransactionManager.kt:410)
	at org.jetbrains.exposed.sql.transactions.ThreadLocalTransactionManagerKt.inTopLevelTransaction(ThreadLocalTransactionManager.kt:401)
	at org.jetbrains.exposed.sql.transactions.ThreadLocalTransactionManagerKt.transaction$lambda$5(ThreadLocalTransactionManager.kt:310)
	at org.jetbrains.exposed.sql.transactions.ThreadLocalTransactionManagerKt.keepAndRestoreTransactionRefAfterRun(ThreadLocalTransactionManager.kt:410)
	at org.jetbrains.exposed.sql.transactions.ThreadLocalTransactionManagerKt.transaction(ThreadLocalTransactionManager.kt:259)
	at org.jetbrains.exposed.sql.transactions.ThreadLocalTransactionManagerKt.transaction(ThreadLocalTransactionManager.kt:237)
	at org.jetbrains.exposed.sql.transactions.ThreadLocalTransactionManagerKt.transaction$default(ThreadLocalTransactionManager.kt:236)
	at com.example.circuitlens.server.services.DatabaseService.init(DatabaseService.kt:43)
	at com.example.circuitlens.server.ApplicationKt.module(Application.kt:24)
	at com.example.circuitlens.server.ServerTest$testLoadCircuitMock$1.invokeSuspend$lambda$0(ServerTest.kt:25)
	at io.ktor.server.engine.ApplicationEngineEnvironmentReloading$instantiateAndConfigureApplication$1.invoke(ApplicationEngineEnvironmentReloading.kt:321)
	at io.ktor.server.engine.ApplicationEngineEnvironmentReloading$instantiateAndConfigureApplication$1.invoke(ApplicationEngineEnvironmentReloading.kt:310)
	at io.ktor.server.engine.ApplicationEngineEnvironmentReloading.avoidingDoubleStartup(ApplicationEngineEnvironmentReloading.kt:338)
	at io.ktor.server.engine.ApplicationEngineEnvironmentReloading.instantiateAndConfigureApplication(ApplicationEngineEnvironmentReloading.kt:310)
	at io.ktor.server.engine.ApplicationEngineEnvironmentReloading.createApplication(ApplicationEngineEnvironmentReloading.kt:150)
	at io.ktor.server.engine.ApplicationEngineEnvironmentReloading.start(ApplicationEngineEnvironmentReloading.kt:277)
	at io.ktor.server.testing.TestApplicationEngine.start(TestApplicationEngine.kt:145)
	at io.ktor.server.engine.ApplicationEngine$DefaultImpls.start$default(ApplicationEngine.kt:78)
	at io.ktor.server.testing.client.TestHttpClientEngine.execute(TestHttpClientEngine.kt:46)
	at io.ktor.server.testing.client.DelegatingTestClientEngine.execute(DelegatingTestClientEngine.kt:53)
	at io.ktor.client.engine.HttpClientEngine$executeWithinCallContext$2.invokeSuspend(HttpClientEngine.kt:99)
	at kotlin.coroutines.jvm.internal.BaseContinuationImpl.resumeWith(ContinuationImpl.kt:33)
	at kotlinx.coroutines.DispatchedTask.run(DispatchedTask.kt:101)
	at kotlinx.coroutines.internal.LimitedDispatcher$Worker.run(LimitedDispatcher.kt:113)
	at kotlinx.coroutines.scheduling.TaskImpl.run(Tasks.kt:89)
	at kotlinx.coroutines.scheduling.CoroutineScheduler.runSafely(CoroutineScheduler.kt:589)
	at kotlinx.coroutines.scheduling.CoroutineScheduler$Worker.executeTask(CoroutineScheduler.kt:823)
	at kotlinx.coroutines.scheduling.CoroutineScheduler$Worker.runWorker(CoroutineScheduler.kt:720)
	at kotlinx.coroutines.scheduling.CoroutineScheduler$Worker.run(CoroutineScheduler.kt:707)
Caused by: java.net.ConnectException: Connection refused
	at java.base/sun.nio.ch.Net.pollConnect(Native Method)
	at java.base/sun.nio.ch.Net.pollConnectNow(Net.java:682)
	at java.base/sun.nio.ch.NioSocketImpl.timedFinishConnect(NioSocketImpl.java:542)
	at java.base/sun.nio.ch.NioSocketImpl.connect(NioSocketImpl.java:592)
	at java.base/java.net.SocksSocketImpl.connect(SocksSocketImpl.java:327)
	at java.base/java.net.Socket.connect(Socket.java:751)
	at org.postgresql.core.PGStream.createSocket(PGStream.java:243)
	at org.postgresql.core.PGStream.<init>(PGStream.java:98)
	at org.postgresql.core.v3.ConnectionFactoryImpl.tryConnect(ConnectionFactoryImpl.java:136)
	at org.postgresql.core.v3.ConnectionFactoryImpl.openConnectionImpl(ConnectionFactoryImpl.java:262)
	... 49 common frames omitted
2026-07-21 00:46:53.645 [DefaultDispatcher-worker-5 @call-context#24] WARN  Exposed - Wait 0 milliseconds before retrying
2026-07-21 00:46:53.646 [DefaultDispatcher-worker-5 @call-context#24] WARN  Exposed - Transaction attempt #2 failed: Connection to localhost:5432 refused. Check that the hostname and port are correct and that the postmaster is accepting TCP/IP connections.. Statement(s): null
org.postgresql.util.PSQLException: Connection to localhost:5432 refused. Check that the hostname and port are correct and that the postmaster is accepting TCP/IP connections.
	at org.postgresql.core.v3.ConnectionFactoryImpl.openConnectionImpl(ConnectionFactoryImpl.java:346)
	at org.postgresql.core.ConnectionFactory.openConnection(ConnectionFactory.java:54)
	at org.postgresql.jdbc.PgConnection.<init>(PgConnection.java:273)
	at org.postgresql.Driver.makeConnection(Driver.java:446)
	at org.postgresql.Driver.connect(Driver.java:298)
	at java.sql/java.sql.DriverManager.getConnection(DriverManager.java:683)
	at java.sql/java.sql.DriverManager.getConnection(DriverManager.java:230)
	at org.jetbrains.exposed.sql.Database$Companion.connect$lambda$15(Database.kt:308)
	at org.jetbrains.exposed.sql.Database$Companion.doConnect$lambda$3(Database.kt:173)
	at org.jetbrains.exposed.sql.transactions.ThreadLocalTransactionManager$ThreadLocalTransaction.connectionLazy$lambda$2(ThreadLocalTransactionManager.kt:138)
	at kotlin.UnsafeLazyImpl.getValue(Lazy.kt:100)
	at org.jetbrains.exposed.sql.transactions.ThreadLocalTransactionManager$ThreadLocalTransaction.getConnection(ThreadLocalTransactionManager.kt:173)
	at org.jetbrains.exposed.sql.Transaction.getConnection(Transaction.kt)
	at org.jetbrains.exposed.sql.vendors.VendorDialect.tableExists(VendorDialect.kt:65)
	at org.jetbrains.exposed.sql.QueriesKt.exists(Queries.kt:932)
	at org.jetbrains.exposed.sql.SchemaUtils.createStatements(SchemaUtils.kt:101)
	at org.jetbrains.exposed.sql.SchemaUtils.create(SchemaUtils.kt:488)
	at org.jetbrains.exposed.sql.SchemaUtils.create$default(SchemaUtils.kt:486)
	at com.example.circuitlens.server.services.DatabaseService.init$lambda$0(DatabaseService.kt:44)
	at org.jetbrains.exposed.sql.transactions.ThreadLocalTransactionManagerKt.inTopLevelTransaction$run(ThreadLocalTransactionManager.kt:355)
	at org.jetbrains.exposed.sql.transactions.ThreadLocalTransactionManagerKt.inTopLevelTransaction$lambda$11(ThreadLocalTransactionManager.kt:402)
	at org.jetbrains.exposed.sql.transactions.ThreadLocalTransactionManagerKt.keepAndRestoreTransactionRefAfterRun(ThreadLocalTransactionManager.kt:410)
	at org.jetbrains.exposed.sql.transactions.ThreadLocalTransactionManagerKt.inTopLevelTransaction(ThreadLocalTransactionManager.kt:401)
	at org.jetbrains.exposed.sql.transactions.ThreadLocalTransactionManagerKt.transaction$lambda$5(ThreadLocalTransactionManager.kt:310)
	at org.jetbrains.exposed.sql.transactions.ThreadLocalTransactionManagerKt.keepAndRestoreTransactionRefAfterRun(ThreadLocalTransactionManager.kt:410)
	at org.jetbrains.exposed.sql.transactions.ThreadLocalTransactionManagerKt.transaction(ThreadLocalTransactionManager.kt:259)
	at org.jetbrains.exposed.sql.transactions.ThreadLocalTransactionManagerKt.transaction(ThreadLocalTransactionManager.kt:237)
	at org.jetbrains.exposed.sql.transactions.ThreadLocalTransactionManagerKt.transaction$default(ThreadLocalTransactionManager.kt:236)
	at com.example.circuitlens.server.services.DatabaseService.init(DatabaseService.kt:43)
	at com.example.circuitlens.server.ApplicationKt.module(Application.kt:24)
	at com.example.circuitlens.server.ServerTest$testLoadCircuitMock$1.invokeSuspend$lambda$0(ServerTest.kt:25)
	at io.ktor.server.engine.ApplicationEngineEnvironmentReloading$instantiateAndConfigureApplication$1.invoke(ApplicationEngineEnvironmentReloading.kt:321)
	at io.ktor.server.engine.ApplicationEngineEnvironmentReloading$instantiateAndConfigureApplication$1.invoke(ApplicationEngineEnvironmentReloading.kt:310)
	at io.ktor.server.engine.ApplicationEngineEnvironmentReloading.avoidingDoubleStartup(ApplicationEngineEnvironmentReloading.kt:338)
	at io.ktor.server.engine.ApplicationEngineEnvironmentReloading.instantiateAndConfigureApplication(ApplicationEngineEnvironmentReloading.kt:310)
	at io.ktor.server.engine.ApplicationEngineEnvironmentReloading.createApplication(ApplicationEngineEnvironmentReloading.kt:150)
	at io.ktor.server.engine.ApplicationEngineEnvironmentReloading.start(ApplicationEngineEnvironmentReloading.kt:277)
	at io.ktor.server.testing.TestApplicationEngine.start(TestApplicationEngine.kt:145)
	at io.ktor.server.engine.ApplicationEngine$DefaultImpls.start$default(ApplicationEngine.kt:78)
	at io.ktor.server.testing.client.TestHttpClientEngine.execute(TestHttpClientEngine.kt:46)
	at io.ktor.server.testing.client.DelegatingTestClientEngine.execute(DelegatingTestClientEngine.kt:53)
	at io.ktor.client.engine.HttpClientEngine$executeWithinCallContext$2.invokeSuspend(HttpClientEngine.kt:99)
	at kotlin.coroutines.jvm.internal.BaseContinuationImpl.resumeWith(ContinuationImpl.kt:33)
	at kotlinx.coroutines.DispatchedTask.run(DispatchedTask.kt:101)
	at kotlinx.coroutines.internal.LimitedDispatcher$Worker.run(LimitedDispatcher.kt:113)
	at kotlinx.coroutines.scheduling.TaskImpl.run(Tasks.kt:89)
	at kotlinx.coroutines.scheduling.CoroutineScheduler.runSafely(CoroutineScheduler.kt:589)
	at kotlinx.coroutines.scheduling.CoroutineScheduler$Worker.executeTask(CoroutineScheduler.kt:823)
	at kotlinx.coroutines.scheduling.CoroutineScheduler$Worker.runWorker(CoroutineScheduler.kt:720)
	at kotlinx.coroutines.scheduling.CoroutineScheduler$Worker.run(CoroutineScheduler.kt:707)
Caused by: java.net.ConnectException: Connection refused
	at java.base/sun.nio.ch.Net.pollConnect(Native Method)
	at java.base/sun.nio.ch.Net.pollConnectNow(Net.java:682)
	at java.base/sun.nio.ch.NioSocketImpl.timedFinishConnect(NioSocketImpl.java:542)
	at java.base/sun.nio.ch.NioSocketImpl.connect(NioSocketImpl.java:592)
	at java.base/java.net.SocksSocketImpl.connect(SocksSocketImpl.java:327)
	at java.base/java.net.Socket.connect(Socket.java:751)
	at org.postgresql.core.PGStream.createSocket(PGStream.java:243)
	at org.postgresql.core.PGStream.<init>(PGStream.java:98)
	at org.postgresql.core.v3.ConnectionFactoryImpl.tryConnect(ConnectionFactoryImpl.java:136)
	at org.postgresql.core.v3.ConnectionFactoryImpl.openConnectionImpl(ConnectionFactoryImpl.java:262)
	... 49 common frames omitted
2026-07-21 00:46:53.647 [DefaultDispatcher-worker-5 @call-context#24] WARN  c.e.c.s.services.DatabaseService - Failed to connect to PostgreSQL (jdbc:postgresql://localhost:5432/circuitlens). Falling back to in-memory H2 database. Error: Connection to localhost:5432 refused. Check that the hostname and port are correct and that the postmaster is accepting TCP/IP connections.
2026-07-21 00:46:53.648 [DefaultDispatcher-worker-5 @call-context#24] INFO  c.e.c.s.services.DatabaseService - Successfully initialized in-memory H2 database schema.
2026-07-21 00:46:53.649 [DefaultDispatcher-worker-5 @call-context#24] INFO  c.e.c.s.services.RedisCacheService - Connecting to Redis at localhost:6379...
2026-07-21 00:46:53.649 [DefaultDispatcher-worker-5 @call-context#24] WARN  c.e.c.s.services.RedisCacheService - Failed to connect to Redis (localhost:6379). Falling back to in-memory caching. Error: Failed to connect to any host resolved for DNS name.
2026-07-21 00:46:53.650 [DefaultDispatcher-worker-5 @call-context#24] INFO  ktor.test - Application started in 0.008 seconds.
2026-07-21 00:46:53.650 [DefaultDispatcher-worker-4 @coroutine#26] INFO  ktor.test - Responding at http://localhost:80
2026-07-21 00:46:53.650 [DefaultDispatcher-worker-4 @coroutine#26] INFO  ktor.test - Responding at https://localhost:443
2026-07-21 00:46:53.659 [DefaultDispatcher-worker-3 @call-context#33] INFO  ktor.test - No ktor.deployment.watch patterns specified, automatic reload is not active.
2026-07-21 00:46:53.659 [DefaultDispatcher-worker-3 @call-context#33] INFO  c.e.c.s.services.DatabaseService - Connecting to PostgreSQL at jdbc:postgresql://localhost:5432/circuitlens...
2026-07-21 00:46:53.659 [DefaultDispatcher-worker-3 @call-context#33] WARN  Exposed - Transaction attempt #0 failed: Connection to localhost:5432 refused. Check that the hostname and port are correct and that the postmaster is accepting TCP/IP connections.. Statement(s): null
org.postgresql.util.PSQLException: Connection to localhost:5432 refused. Check that the hostname and port are correct and that the postmaster is accepting TCP/IP connections.
	at org.postgresql.core.v3.ConnectionFactoryImpl.openConnectionImpl(ConnectionFactoryImpl.java:346)
	at org.postgresql.core.ConnectionFactory.openConnection(ConnectionFactory.java:54)
	at org.postgresql.jdbc.PgConnection.<init>(PgConnection.java:273)
	at org.postgresql.Driver.makeConnection(Driver.java:446)
	at org.postgresql.Driver.connect(Driver.java:298)
	at java.sql/java.sql.DriverManager.getConnection(DriverManager.java:683)
	at java.sql/java.sql.DriverManager.getConnection(DriverManager.java:230)
	at org.jetbrains.exposed.sql.Database$Companion.connect$lambda$15(Database.kt:308)
	at org.jetbrains.exposed.sql.Database$Companion.doConnect$lambda$3(Database.kt:173)
	at org.jetbrains.exposed.sql.transactions.ThreadLocalTransactionManager$ThreadLocalTransaction.connectionLazy$lambda$2(ThreadLocalTransactionManager.kt:138)
	at kotlin.UnsafeLazyImpl.getValue(Lazy.kt:100)
	at org.jetbrains.exposed.sql.transactions.ThreadLocalTransactionManager$ThreadLocalTransaction.getConnection(ThreadLocalTransactionManager.kt:173)
	at org.jetbrains.exposed.sql.Transaction.getConnection(Transaction.kt)
	at org.jetbrains.exposed.sql.vendors.VendorDialect.tableExists(VendorDialect.kt:65)
	at org.jetbrains.exposed.sql.QueriesKt.exists(Queries.kt:932)
	at org.jetbrains.exposed.sql.SchemaUtils.createStatements(SchemaUtils.kt:101)
	at org.jetbrains.exposed.sql.SchemaUtils.create(SchemaUtils.kt:488)
	at org.jetbrains.exposed.sql.SchemaUtils.create$default(SchemaUtils.kt:486)
	at com.example.circuitlens.server.services.DatabaseService.init$lambda$0(DatabaseService.kt:44)
	at org.jetbrains.exposed.sql.transactions.ThreadLocalTransactionManagerKt.inTopLevelTransaction$run(ThreadLocalTransactionManager.kt:355)
	at org.jetbrains.exposed.sql.transactions.ThreadLocalTransactionManagerKt.inTopLevelTransaction$lambda$11(ThreadLocalTransactionManager.kt:402)
	at org.jetbrains.exposed.sql.transactions.ThreadLocalTransactionManagerKt.keepAndRestoreTransactionRefAfterRun(ThreadLocalTransactionManager.kt:410)
	at org.jetbrains.exposed.sql.transactions.ThreadLocalTransactionManagerKt.inTopLevelTransaction(ThreadLocalTransactionManager.kt:401)
	at org.jetbrains.exposed.sql.transactions.ThreadLocalTransactionManagerKt.transaction$lambda$5(ThreadLocalTransactionManager.kt:310)
	at org.jetbrains.exposed.sql.transactions.ThreadLocalTransactionManagerKt.keepAndRestoreTransactionRefAfterRun(ThreadLocalTransactionManager.kt:410)
	at org.jetbrains.exposed.sql.transactions.ThreadLocalTransactionManagerKt.transaction(ThreadLocalTransactionManager.kt:259)
	at org.jetbrains.exposed.sql.transactions.ThreadLocalTransactionManagerKt.transaction(ThreadLocalTransactionManager.kt:237)
	at org.jetbrains.exposed.sql.transactions.ThreadLocalTransactionManagerKt.transaction$default(ThreadLocalTransactionManager.kt:236)
	at com.example.circuitlens.server.services.DatabaseService.init(DatabaseService.kt:43)
	at com.example.circuitlens.server.ApplicationKt.module(Application.kt:24)
	at com.example.circuitlens.server.ServerTest$testEditCircuit$1.invokeSuspend$lambda$0(ServerTest.kt:37)
	at io.ktor.server.engine.ApplicationEngineEnvironmentReloading$instantiateAndConfigureApplication$1.invoke(ApplicationEngineEnvironmentReloading.kt:321)
	at io.ktor.server.engine.ApplicationEngineEnvironmentReloading$instantiateAndConfigureApplication$1.invoke(ApplicationEngineEnvironmentReloading.kt:310)
	at io.ktor.server.engine.ApplicationEngineEnvironmentReloading.avoidingDoubleStartup(ApplicationEngineEnvironmentReloading.kt:338)
	at io.ktor.server.engine.ApplicationEngineEnvironmentReloading.instantiateAndConfigureApplication(ApplicationEngineEnvironmentReloading.kt:310)
	at io.ktor.server.engine.ApplicationEngineEnvironmentReloading.createApplication(ApplicationEngineEnvironmentReloading.kt:150)
	at io.ktor.server.engine.ApplicationEngineEnvironmentReloading.start(ApplicationEngineEnvironmentReloading.kt:277)
	at io.ktor.server.testing.TestApplicationEngine.start(TestApplicationEngine.kt:145)
	at io.ktor.server.engine.ApplicationEngine$DefaultImpls.start$default(ApplicationEngine.kt:78)
	at io.ktor.server.testing.client.TestHttpClientEngine.execute(TestHttpClientEngine.kt:46)
	at io.ktor.server.testing.client.DelegatingTestClientEngine.execute(DelegatingTestClientEngine.kt:53)
	at io.ktor.client.engine.HttpClientEngine$executeWithinCallContext$2.invokeSuspend(HttpClientEngine.kt:99)
	at kotlin.coroutines.jvm.internal.BaseContinuationImpl.resumeWith(ContinuationImpl.kt:33)
	at kotlinx.coroutines.DispatchedTask.run(DispatchedTask.kt:101)
	at kotlinx.coroutines.internal.LimitedDispatcher$Worker.run(LimitedDispatcher.kt:113)
	at kotlinx.coroutines.scheduling.TaskImpl.run(Tasks.kt:89)
	at kotlinx.coroutines.scheduling.CoroutineScheduler.runSafely(CoroutineScheduler.kt:589)
	at kotlinx.coroutines.scheduling.CoroutineScheduler$Worker.executeTask(CoroutineScheduler.kt:823)
	at kotlinx.coroutines.scheduling.CoroutineScheduler$Worker.runWorker(CoroutineScheduler.kt:720)
	at kotlinx.coroutines.scheduling.CoroutineScheduler$Worker.run(CoroutineScheduler.kt:707)
Caused by: java.net.ConnectException: Connection refused
	at java.base/sun.nio.ch.Net.pollConnect(Native Method)
	at java.base/sun.nio.ch.Net.pollConnectNow(Net.java:682)
	at java.base/sun.nio.ch.NioSocketImpl.timedFinishConnect(NioSocketImpl.java:542)
	at java.base/sun.nio.ch.NioSocketImpl.connect(NioSocketImpl.java:592)
	at java.base/java.net.SocksSocketImpl.connect(SocksSocketImpl.java:327)
	at java.base/java.net.Socket.connect(Socket.java:751)
	at org.postgresql.core.PGStream.createSocket(PGStream.java:243)
	at org.postgresql.core.PGStream.<init>(PGStream.java:98)
	at org.postgresql.core.v3.ConnectionFactoryImpl.tryConnect(ConnectionFactoryImpl.java:136)
	at org.postgresql.core.v3.ConnectionFactoryImpl.openConnectionImpl(ConnectionFactoryImpl.java:262)
	... 49 common frames omitted
2026-07-21 00:46:53.660 [DefaultDispatcher-worker-3 @call-context#33] WARN  Exposed - Wait 0 milliseconds before retrying
2026-07-21 00:46:53.660 [DefaultDispatcher-worker-3 @call-context#33] WARN  Exposed - Transaction attempt #1 failed: Connection to localhost:5432 refused. Check that the hostname and port are correct and that the postmaster is accepting TCP/IP connections.. Statement(s): null
org.postgresql.util.PSQLException: Connection to localhost:5432 refused. Check that the hostname and port are correct and that the postmaster is accepting TCP/IP connections.
	at org.postgresql.core.v3.ConnectionFactoryImpl.openConnectionImpl(ConnectionFactoryImpl.java:346)
	at org.postgresql.core.ConnectionFactory.openConnection(ConnectionFactory.java:54)
	at org.postgresql.jdbc.PgConnection.<init>(PgConnection.java:273)
	at org.postgresql.Driver.makeConnection(Driver.java:446)
	at org.postgresql.Driver.connect(Driver.java:298)
	at java.sql/java.sql.DriverManager.getConnection(DriverManager.java:683)
	at java.sql/java.sql.DriverManager.getConnection(DriverManager.java:230)
	at org.jetbrains.exposed.sql.Database$Companion.connect$lambda$15(Database.kt:308)
	at org.jetbrains.exposed.sql.Database$Companion.doConnect$lambda$3(Database.kt:173)
	at org.jetbrains.exposed.sql.transactions.ThreadLocalTransactionManager$ThreadLocalTransaction.connectionLazy$lambda$2(ThreadLocalTransactionManager.kt:138)
	at kotlin.UnsafeLazyImpl.getValue(Lazy.kt:100)
	at org.jetbrains.exposed.sql.transactions.ThreadLocalTransactionManager$ThreadLocalTransaction.getConnection(ThreadLocalTransactionManager.kt:173)
	at org.jetbrains.exposed.sql.Transaction.getConnection(Transaction.kt)
	at org.jetbrains.exposed.sql.vendors.VendorDialect.tableExists(VendorDialect.kt:65)
	at org.jetbrains.exposed.sql.QueriesKt.exists(Queries.kt:932)
	at org.jetbrains.exposed.sql.SchemaUtils.createStatements(SchemaUtils.kt:101)
	at org.jetbrains.exposed.sql.SchemaUtils.create(SchemaUtils.kt:488)
	at org.jetbrains.exposed.sql.SchemaUtils.create$default(SchemaUtils.kt:486)
	at com.example.circuitlens.server.services.DatabaseService.init$lambda$0(DatabaseService.kt:44)
	at org.jetbrains.exposed.sql.transactions.ThreadLocalTransactionManagerKt.inTopLevelTransaction$run(ThreadLocalTransactionManager.kt:355)
	at org.jetbrains.exposed.sql.transactions.ThreadLocalTransactionManagerKt.inTopLevelTransaction$lambda$11(ThreadLocalTransactionManager.kt:402)
	at org.jetbrains.exposed.sql.transactions.ThreadLocalTransactionManagerKt.keepAndRestoreTransactionRefAfterRun(ThreadLocalTransactionManager.kt:410)
	at org.jetbrains.exposed.sql.transactions.ThreadLocalTransactionManagerKt.inTopLevelTransaction(ThreadLocalTransactionManager.kt:401)
	at org.jetbrains.exposed.sql.transactions.ThreadLocalTransactionManagerKt.transaction$lambda$5(ThreadLocalTransactionManager.kt:310)
	at org.jetbrains.exposed.sql.transactions.ThreadLocalTransactionManagerKt.keepAndRestoreTransactionRefAfterRun(ThreadLocalTransactionManager.kt:410)
	at org.jetbrains.exposed.sql.transactions.ThreadLocalTransactionManagerKt.transaction(ThreadLocalTransactionManager.kt:259)
	at org.jetbrains.exposed.sql.transactions.ThreadLocalTransactionManagerKt.transaction(ThreadLocalTransactionManager.kt:237)
	at org.jetbrains.exposed.sql.transactions.ThreadLocalTransactionManagerKt.transaction$default(ThreadLocalTransactionManager.kt:236)
	at com.example.circuitlens.server.services.DatabaseService.init(DatabaseService.kt:43)
	at com.example.circuitlens.server.ApplicationKt.module(Application.kt:24)
	at com.example.circuitlens.server.ServerTest$testEditCircuit$1.invokeSuspend$lambda$0(ServerTest.kt:37)
	at io.ktor.server.engine.ApplicationEngineEnvironmentReloading$instantiateAndConfigureApplication$1.invoke(ApplicationEngineEnvironmentReloading.kt:321)
	at io.ktor.server.engine.ApplicationEngineEnvironmentReloading$instantiateAndConfigureApplication$1.invoke(ApplicationEngineEnvironmentReloading.kt:310)
	at io.ktor.server.engine.ApplicationEngineEnvironmentReloading.avoidingDoubleStartup(ApplicationEngineEnvironmentReloading.kt:338)
	at io.ktor.server.engine.ApplicationEngineEnvironmentReloading.instantiateAndConfigureApplication(ApplicationEngineEnvironmentReloading.kt:310)
	at io.ktor.server.engine.ApplicationEngineEnvironmentReloading.createApplication(ApplicationEngineEnvironmentReloading.kt:150)
	at io.ktor.server.engine.ApplicationEngineEnvironmentReloading.start(ApplicationEngineEnvironmentReloading.kt:277)
	at io.ktor.server.testing.TestApplicationEngine.start(TestApplicationEngine.kt:145)
	at io.ktor.server.engine.ApplicationEngine$DefaultImpls.start$default(ApplicationEngine.kt:78)
	at io.ktor.server.testing.client.TestHttpClientEngine.execute(TestHttpClientEngine.kt:46)
	at io.ktor.server.testing.client.DelegatingTestClientEngine.execute(DelegatingTestClientEngine.kt:53)
	at io.ktor.client.engine.HttpClientEngine$executeWithinCallContext$2.invokeSuspend(HttpClientEngine.kt:99)
	at kotlin.coroutines.jvm.internal.BaseContinuationImpl.resumeWith(ContinuationImpl.kt:33)
	at kotlinx.coroutines.DispatchedTask.run(DispatchedTask.kt:101)
	at kotlinx.coroutines.internal.LimitedDispatcher$Worker.run(LimitedDispatcher.kt:113)
	at kotlinx.coroutines.scheduling.TaskImpl.run(Tasks.kt:89)
	at kotlinx.coroutines.scheduling.CoroutineScheduler.runSafely(CoroutineScheduler.kt:589)
	at kotlinx.coroutines.scheduling.CoroutineScheduler$Worker.executeTask(CoroutineScheduler.kt:823)
	at kotlinx.coroutines.scheduling.CoroutineScheduler$Worker.runWorker(CoroutineScheduler.kt:720)
	at kotlinx.coroutines.scheduling.CoroutineScheduler$Worker.run(CoroutineScheduler.kt:707)
Caused by: java.net.ConnectException: Connection refused
	at java.base/sun.nio.ch.Net.pollConnect(Native Method)
	at java.base/sun.nio.ch.Net.pollConnectNow(Net.java:682)
	at java.base/sun.nio.ch.NioSocketImpl.timedFinishConnect(NioSocketImpl.java:542)
	at java.base/sun.nio.ch.NioSocketImpl.connect(NioSocketImpl.java:592)
	at java.base/java.net.SocksSocketImpl.connect(SocksSocketImpl.java:327)
	at java.base/java.net.Socket.connect(Socket.java:751)
	at org.postgresql.core.PGStream.createSocket(PGStream.java:243)
	at org.postgresql.core.PGStream.<init>(PGStream.java:98)
	at org.postgresql.core.v3.ConnectionFactoryImpl.tryConnect(ConnectionFactoryImpl.java:136)
	at org.postgresql.core.v3.ConnectionFactoryImpl.openConnectionImpl(ConnectionFactoryImpl.java:262)
	... 49 common frames omitted
2026-07-21 00:46:53.661 [DefaultDispatcher-worker-3 @call-context#33] WARN  Exposed - Wait 0 milliseconds before retrying
2026-07-21 00:46:53.662 [DefaultDispatcher-worker-3 @call-context#33] WARN  Exposed - Transaction attempt #2 failed: Connection to localhost:5432 refused. Check that the hostname and port are correct and that the postmaster is accepting TCP/IP connections.. Statement(s): null
org.postgresql.util.PSQLException: Connection to localhost:5432 refused. Check that the hostname and port are correct and that the postmaster is accepting TCP/IP connections.
	at org.postgresql.core.v3.ConnectionFactoryImpl.openConnectionImpl(ConnectionFactoryImpl.java:346)
	at org.postgresql.core.ConnectionFactory.openConnection(ConnectionFactory.java:54)
	at org.postgresql.jdbc.PgConnection.<init>(PgConnection.java:273)
	at org.postgresql.Driver.makeConnection(Driver.java:446)
	at org.postgresql.Driver.connect(Driver.java:298)
	at java.sql/java.sql.DriverManager.getConnection(DriverManager.java:683)
	at java.sql/java.sql.DriverManager.getConnection(DriverManager.java:230)
	at org.jetbrains.exposed.sql.Database$Companion.connect$lambda$15(Database.kt:308)
	at org.jetbrains.exposed.sql.Database$Companion.doConnect$lambda$3(Database.kt:173)
	at org.jetbrains.exposed.sql.transactions.ThreadLocalTransactionManager$ThreadLocalTransaction.connectionLazy$lambda$2(ThreadLocalTransactionManager.kt:138)
	at kotlin.UnsafeLazyImpl.getValue(Lazy.kt:100)
	at org.jetbrains.exposed.sql.transactions.ThreadLocalTransactionManager$ThreadLocalTransaction.getConnection(ThreadLocalTransactionManager.kt:173)
	at org.jetbrains.exposed.sql.Transaction.getConnection(Transaction.kt)
	at org.jetbrains.exposed.sql.vendors.VendorDialect.tableExists(VendorDialect.kt:65)
	at org.jetbrains.exposed.sql.QueriesKt.exists(Queries.kt:932)
	at org.jetbrains.exposed.sql.SchemaUtils.createStatements(SchemaUtils.kt:101)
	at org.jetbrains.exposed.sql.SchemaUtils.create(SchemaUtils.kt:488)
	at org.jetbrains.exposed.sql.SchemaUtils.create$default(SchemaUtils.kt:486)
	at com.example.circuitlens.server.services.DatabaseService.init$lambda$0(DatabaseService.kt:44)
	at org.jetbrains.exposed.sql.transactions.ThreadLocalTransactionManagerKt.inTopLevelTransaction$run(ThreadLocalTransactionManager.kt:355)
	at org.jetbrains.exposed.sql.transactions.ThreadLocalTransactionManagerKt.inTopLevelTransaction$lambda$11(ThreadLocalTransactionManager.kt:402)
	at org.jetbrains.exposed.sql.transactions.ThreadLocalTransactionManagerKt.keepAndRestoreTransactionRefAfterRun(ThreadLocalTransactionManager.kt:410)
	at org.jetbrains.exposed.sql.transactions.ThreadLocalTransactionManagerKt.inTopLevelTransaction(ThreadLocalTransactionManager.kt:401)
	at org.jetbrains.exposed.sql.transactions.ThreadLocalTransactionManagerKt.transaction$lambda$5(ThreadLocalTransactionManager.kt:310)
	at org.jetbrains.exposed.sql.transactions.ThreadLocalTransactionManagerKt.keepAndRestoreTransactionRefAfterRun(ThreadLocalTransactionManager.kt:410)
	at org.jetbrains.exposed.sql.transactions.ThreadLocalTransactionManagerKt.transaction(ThreadLocalTransactionManager.kt:259)
	at org.jetbrains.exposed.sql.transactions.ThreadLocalTransactionManagerKt.transaction(ThreadLocalTransactionManager.kt:237)
	at org.jetbrains.exposed.sql.transactions.ThreadLocalTransactionManagerKt.transaction$default(ThreadLocalTransactionManager.kt:236)
	at com.example.circuitlens.server.services.DatabaseService.init(DatabaseService.kt:43)
	at com.example.circuitlens.server.ApplicationKt.module(Application.kt:24)
	at com.example.circuitlens.server.ServerTest$testEditCircuit$1.invokeSuspend$lambda$0(ServerTest.kt:37)
	at io.ktor.server.engine.ApplicationEngineEnvironmentReloading$instantiateAndConfigureApplication$1.invoke(ApplicationEngineEnvironmentReloading.kt:321)
	at io.ktor.server.engine.ApplicationEngineEnvironmentReloading$instantiateAndConfigureApplication$1.invoke(ApplicationEngineEnvironmentReloading.kt:310)
	at io.ktor.server.engine.ApplicationEngineEnvironmentReloading.avoidingDoubleStartup(ApplicationEngineEnvironmentReloading.kt:338)
	at io.ktor.server.engine.ApplicationEngineEnvironmentReloading.instantiateAndConfigureApplication(ApplicationEngineEnvironmentReloading.kt:310)
	at io.ktor.server.engine.ApplicationEngineEnvironmentReloading.createApplication(ApplicationEngineEnvironmentReloading.kt:150)
	at io.ktor.server.engine.ApplicationEngineEnvironmentReloading.start(ApplicationEngineEnvironmentReloading.kt:277)
	at io.ktor.server.testing.TestApplicationEngine.start(TestApplicationEngine.kt:145)
	at io.ktor.server.engine.ApplicationEngine$DefaultImpls.start$default(ApplicationEngine.kt:78)
	at io.ktor.server.testing.client.TestHttpClientEngine.execute(TestHttpClientEngine.kt:46)
	at io.ktor.server.testing.client.DelegatingTestClientEngine.execute(DelegatingTestClientEngine.kt:53)
	at io.ktor.client.engine.HttpClientEngine$executeWithinCallContext$2.invokeSuspend(HttpClientEngine.kt:99)
	at kotlin.coroutines.jvm.internal.BaseContinuationImpl.resumeWith(ContinuationImpl.kt:33)
	at kotlinx.coroutines.DispatchedTask.run(DispatchedTask.kt:101)
	at kotlinx.coroutines.internal.LimitedDispatcher$Worker.run(LimitedDispatcher.kt:113)
	at kotlinx.coroutines.scheduling.TaskImpl.run(Tasks.kt:89)
	at kotlinx.coroutines.scheduling.CoroutineScheduler.runSafely(CoroutineScheduler.kt:589)
	at kotlinx.coroutines.scheduling.CoroutineScheduler$Worker.executeTask(CoroutineScheduler.kt:823)
	at kotlinx.coroutines.scheduling.CoroutineScheduler$Worker.runWorker(CoroutineScheduler.kt:720)
	at kotlinx.coroutines.scheduling.CoroutineScheduler$Worker.run(CoroutineScheduler.kt:707)
Caused by: java.net.ConnectException: Connection refused
	at java.base/sun.nio.ch.Net.pollConnect(Native Method)
	at java.base/sun.nio.ch.Net.pollConnectNow(Net.java:682)
	at java.base/sun.nio.ch.NioSocketImpl.timedFinishConnect(NioSocketImpl.java:542)
	at java.base/sun.nio.ch.NioSocketImpl.connect(NioSocketImpl.java:592)
	at java.base/java.net.SocksSocketImpl.connect(SocksSocketImpl.java:327)
	at java.base/java.net.Socket.connect(Socket.java:751)
	at org.postgresql.core.PGStream.createSocket(PGStream.java:243)
	at org.postgresql.core.PGStream.<init>(PGStream.java:98)
	at org.postgresql.core.v3.ConnectionFactoryImpl.tryConnect(ConnectionFactoryImpl.java:136)
	at org.postgresql.core.v3.ConnectionFactoryImpl.openConnectionImpl(ConnectionFactoryImpl.java:262)
	... 49 common frames omitted
2026-07-21 00:46:53.662 [DefaultDispatcher-worker-3 @call-context#33] WARN  c.e.c.s.services.DatabaseService - Failed to connect to PostgreSQL (jdbc:postgresql://localhost:5432/circuitlens). Falling back to in-memory H2 database. Error: Connection to localhost:5432 refused. Check that the hostname and port are correct and that the postmaster is accepting TCP/IP connections.
2026-07-21 00:46:53.663 [DefaultDispatcher-worker-3 @call-context#33] INFO  c.e.c.s.services.DatabaseService - Successfully initialized in-memory H2 database schema.
2026-07-21 00:46:53.663 [DefaultDispatcher-worker-3 @call-context#33] INFO  c.e.c.s.services.RedisCacheService - Connecting to Redis at localhost:6379...
2026-07-21 00:46:53.664 [DefaultDispatcher-worker-3 @call-context#33] WARN  c.e.c.s.services.RedisCacheService - Failed to connect to Redis (localhost:6379). Falling back to in-memory caching. Error: Failed to connect to any host resolved for DNS name.
2026-07-21 00:46:53.664 [DefaultDispatcher-worker-3 @call-context#33] INFO  ktor.test - Application started in 0.005 seconds.
2026-07-21 00:46:53.665 [DefaultDispatcher-worker-5 @coroutine#35] INFO  ktor.test - Responding at http://localhost:80
2026-07-21 00:46:53.665 [DefaultDispatcher-worker-5 @coroutine#35] INFO  ktor.test - Responding at https://localhost:443
2026-07-21 00:46:53.668 [DefaultDispatcher-worker-3 @request#33] INFO  c.e.c.s.services.SimulationService - Sending circuit payload to C++ simulation service at http://localhost:8081/simulate...
2026-07-21 00:46:53.670 [DefaultDispatcher-worker-3 @request#33] WARN  c.e.c.s.services.SimulationService - Failed to connect to C++ simulation service at http://localhost:8081/simulate: Connection refused
2026-07-21 00:46:53.670 [DefaultDispatcher-worker-3 @request#33] INFO  c.e.c.s.services.SimulationService - Generating fallback simulation results...
]]></system-out>
  <system-err><![CDATA[]]></system-err>
</testsuite>
